c:\users\michael\documents\cplusplusbasic\cplusplusbasic\c++basic\c++basic exercise 4\debug\c++basic exercise 4.pch
c:\users\michael\documents\cplusplusbasic\cplusplusbasic\c++basic\c++basic exercise 4\debug\vc141.pdb
c:\users\michael\documents\cplusplusbasic\cplusplusbasic\c++basic\c++basic exercise 4\debug\vc141.idb
c:\users\michael\documents\cplusplusbasic\cplusplusbasic\c++basic\c++basic exercise 4\debug\pch.obj
c:\users\michael\documents\cplusplusbasic\cplusplusbasic\c++basic\c++basic exercise 4\debug\coin.obj
c:\users\michael\documents\cplusplusbasic\cplusplusbasic\c++basic\c++basic exercise 4\debug\c++basic exercise 4.obj
c:\users\michael\documents\cplusplusbasic\cplusplusbasic\c++basic\debug\c++basic exercise 4.pdb
c:\users\michael\documents\cplusplusbasic\cplusplusbasic\c++basic\c++basic exercise 4\debug\c++basic.05cbce4c.tlog\cl.command.1.tlog
c:\users\michael\documents\cplusplusbasic\cplusplusbasic\c++basic\c++basic exercise 4\debug\c++basic.05cbce4c.tlog\cl.read.1.tlog
c:\users\michael\documents\cplusplusbasic\cplusplusbasic\c++basic\c++basic exercise 4\debug\c++basic.05cbce4c.tlog\cl.write.1.tlog
c:\users\michael\documents\cplusplusbasic\cplusplusbasic\c++basic\c++basic exercise 4\debug\c++basic.05cbce4c.tlog\link-cvtres.read.1.tlog
c:\users\michael\documents\cplusplusbasic\cplusplusbasic\c++basic\c++basic exercise 4\debug\c++basic.05cbce4c.tlog\link-cvtres.write.1.tlog
c:\users\michael\documents\cplusplusbasic\cplusplusbasic\c++basic\c++basic exercise 4\debug\c++basic.05cbce4c.tlog\link-rc.read.1.tlog
c:\users\michael\documents\cplusplusbasic\cplusplusbasic\c++basic\c++basic exercise 4\debug\c++basic.05cbce4c.tlog\link-rc.write.1.tlog
c:\users\michael\documents\cplusplusbasic\cplusplusbasic\c++basic\c++basic exercise 4\debug\c++basic.05cbce4c.tlog\link.19640-cvtres.read.1.tlog
c:\users\michael\documents\cplusplusbasic\cplusplusbasic\c++basic\c++basic exercise 4\debug\c++basic.05cbce4c.tlog\link.19640-cvtres.write.1.tlog
c:\users\michael\documents\cplusplusbasic\cplusplusbasic\c++basic\c++basic exercise 4\debug\c++basic.05cbce4c.tlog\link.19640-rc.read.1.tlog
c:\users\michael\documents\cplusplusbasic\cplusplusbasic\c++basic\c++basic exercise 4\debug\c++basic.05cbce4c.tlog\link.19640-rc.write.1.tlog
c:\users\michael\documents\cplusplusbasic\cplusplusbasic\c++basic\c++basic exercise 4\debug\c++basic.05cbce4c.tlog\link.19640.read.1.tlog
c:\users\michael\documents\cplusplusbasic\cplusplusbasic\c++basic\c++basic exercise 4\debug\c++basic.05cbce4c.tlog\link.19640.write.1.tlog
c:\users\michael\documents\cplusplusbasic\cplusplusbasic\c++basic\c++basic exercise 4\debug\c++basic.05cbce4c.tlog\link.command.1.tlog
c:\users\michael\documents\cplusplusbasic\cplusplusbasic\c++basic\c++basic exercise 4\debug\c++basic.05cbce4c.tlog\link.read.1.tlog
c:\users\michael\documents\cplusplusbasic\cplusplusbasic\c++basic\c++basic exercise 4\debug\c++basic.05cbce4c.tlog\link.write.1.tlog
